c:\users\재빈\documents\visual studio 2015\projects\mediabookmark\mediabookmark\debug\mediabookmark.pch
c:\users\재빈\documents\visual studio 2015\projects\mediabookmark\mediabookmark\debug\vc140.pdb
c:\users\재빈\documents\visual studio 2015\projects\mediabookmark\mediabookmark\debug\stdafx.obj
c:\users\재빈\documents\visual studio 2015\projects\mediabookmark\mediabookmark\debug\windowsformsappcli.obj
c:\users\재빈\documents\visual studio 2015\projects\mediabookmark\mediabookmark\debug\assemblyinfo.obj
c:\users\재빈\documents\visual studio 2015\projects\mediabookmark\mediabookmark\debug\.netframework,version=v4.0.assemblyattributes.obj
c:\users\재빈\documents\visual studio 2015\projects\mediabookmark\mediabookmark\debug\.netframework,version=v4.0.assemblyattributes.asm
c:\users\재빈\documents\visual studio 2015\projects\mediabookmark\debug\mediabookmark.exe
c:\users\재빈\documents\visual studio 2015\projects\mediabookmark\debug\mediabookmark.pdb
c:\users\재빈\documents\visual studio 2015\projects\mediabookmark\mediabookmark\debug\mediabookmark.form1.resources
c:\users\재빈\documents\visual studio 2015\projects\mediabookmark\mediabookmark\debug\mediabookmark1.res
c:\users\재빈\documents\visual studio 2015\projects\mediabookmark\mediabookmark\debug\mediabookmark.vcxproj.generateresource.cache
c:\users\재빈\documents\visual studio 2015\projects\mediabookmark\mediabookmark\debug\mediabookmark.vcxprojresolveassemblyreference.cache
c:\users\재빈\documents\visual studio 2015\projects\mediabookmark\mediabookmark\debug\mediabookmark.tlog\cl.command.1.tlog
c:\users\재빈\documents\visual studio 2015\projects\mediabookmark\mediabookmark\debug\mediabookmark.tlog\cl.read.1.tlog
c:\users\재빈\documents\visual studio 2015\projects\mediabookmark\mediabookmark\debug\mediabookmark.tlog\cl.write.1.tlog
c:\users\재빈\documents\visual studio 2015\projects\mediabookmark\mediabookmark\debug\mediabookmark.tlog\link.command.1.tlog
c:\users\재빈\documents\visual studio 2015\projects\mediabookmark\mediabookmark\debug\mediabookmark.tlog\link.read.1.tlog
c:\users\재빈\documents\visual studio 2015\projects\mediabookmark\mediabookmark\debug\mediabookmark.tlog\link.write.1.tlog
c:\users\재빈\documents\visual studio 2015\projects\mediabookmark\mediabookmark\debug\mediabookmark.tlog\mediabookmark.write.1u.tlog
c:\users\재빈\documents\visual studio 2015\projects\mediabookmark\mediabookmark\debug\mediabookmark.tlog\metagen.read.1.tlog
c:\users\재빈\documents\visual studio 2015\projects\mediabookmark\mediabookmark\debug\mediabookmark.tlog\metagen.write.1.tlog
c:\users\재빈\documents\visual studio 2015\projects\mediabookmark\mediabookmark\debug\mediabookmark.tlog\rc.command.1.tlog
c:\users\재빈\documents\visual studio 2015\projects\mediabookmark\mediabookmark\debug\mediabookmark.tlog\rc.read.1.tlog
c:\users\재빈\documents\visual studio 2015\projects\mediabookmark\mediabookmark\debug\mediabookmark.tlog\rc.write.1.tlog
c:\users\재빈\documents\visual studio 2015\projects\mediabookmark\mediabookmark\debug\mediabookmark.tlog\tzres.dll.bi
